<?xml version="1.0" encoding="UTF-8"?>
<!-- Generated by org.testng.reporters.JUnitXMLReporter -->
<testsuite ignored="0" hostname="DESKTOP-613T72M" failures="0" tests="5" name="Default test" time="52.572" errors="0" timestamp="2023-08-07T02:47:39 GMT-11:00">
  <testcase classname="com.qa.testcases.TC_ShoppingCard_007" name="test1" time="4.11"/>
  <testcase classname="com.qa.testcases.TC_ShoppingCard_007" name="doLogin" time="1.683"/>
  <testcase classname="com.qa.testcases.TC_ShoppingCard_007" name="test4" time="3.783"/>
  <testcase classname="com.qa.testcases.TC_ShoppingCard_007" name="test5" time="39.783"/>
  <testcase classname="com.qa.testcases.TC_ShoppingCard_007" name="doLogOut" time="1.354"/>
</testsuite> <!-- Default test -->
