<?xml version="1.0" encoding="UTF-8"?>
<!-- Generated by org.testng.reporters.JUnitXMLReporter -->
<testsuite ignored="0" hostname="DESKTOP-613T72M" failures="1" tests="13" name="Test" time="115.823" errors="0" timestamp="2023-08-06T15:26:24 GMT-11:00">
  <testcase classname="com.qa.testcases.TC_linkTest_001" name="linkTest" time="27.528"/>
  <testcase classname="com.qa.testcases.TC_RegistrationPage_002" name="test1" time="6.245"/>
  <testcase classname="com.qa.testcases.TC_RegistrationPage_002" name="test2" time="2.603"/>
  <testcase classname="com.qa.testcases.TC_RegistrationPage_002" name="checkUser" time="0.033">
    <failure type="java.lang.AssertionError" message="expected [mahin@gmail1.com] but found [My account]">
      <![CDATA[java.lang.AssertionError: expected [mahin@gmail1.com] but found [My account]
at com.qa.testcases.TC_RegistrationPage_002.checkUser(TC_RegistrationPage_002.java:30)
at java.base/java.util.ArrayList.forEach(ArrayList.java:1511)
... Removed 31 stack frames]]>
    </failure>
  </testcase> <!-- checkUser -->
  <testcase classname="com.qa.testcases.TC_LoginPage_003" name="test1" time="12.871"/>
  <testcase classname="com.qa.testcases.TC_LoginPage_003" name="test2" time="1.96"/>
  <testcase classname="com.qa.testcases.TC_LoginPage_003" name="checkUser" time="0.029"/>
  <testcase classname="com.qa.testcases.TC_HomePage_004" name="test1" time="16.112"/>
  <testcase classname="com.qa.testcases.TC_HomePage_004" name="checkAllLink" time="0.809"/>
  <testcase classname="com.qa.testcases.TC_HomePage_004" name="checkCategoriesLink" time="0.073"/>
  <testcase classname="com.qa.testcases.TC_HomePage_004" name="checkFeaturedProduct" time="12.181"/>
  <testcase classname="com.qa.testcases.TC_ProductDetailsPage_005" name="test1" time="7.396"/>
  <testcase classname="com.qa.testcases.TC_ProductDetailsPage_005" name="Quantity" time="14.287"/>
</testsuite> <!-- Test -->
