<?xml version="1.0" encoding="UTF-8"?>
<!-- Generated by org.testng.reporters.JUnitXMLReporter -->
<testsuite ignored="0" hostname="DESKTOP-613T72M" failures="1" tests="13" name="Test" time="87.609" errors="0" timestamp="2023-08-06T19:10:07 GMT-11:00">
  <testcase classname="com.qa.testcases.TC_linkTest_001" name="linkTest" time="8.284"/>
  <testcase classname="com.qa.testcases.TC_RegistrationPage_002" name="test1" time="4.696"/>
  <testcase classname="com.qa.testcases.TC_RegistrationPage_002" name="test2" time="1.992"/>
  <testcase classname="com.qa.testcases.TC_RegistrationPage_002" name="checkUser" time="0.053">
    <failure type="java.lang.AssertionError" message="expected [mahin@gmail1.com] but found [My account]">
      <![CDATA[java.lang.AssertionError: expected [mahin@gmail1.com] but found [My account]
at com.qa.testcases.TC_RegistrationPage_002.checkUser(TC_RegistrationPage_002.java:30)
at java.base/java.util.ArrayList.forEach(ArrayList.java:1511)
... Removed 31 stack frames]]>
    </failure>
  </testcase> <!-- checkUser -->
  <testcase classname="com.qa.testcases.TC_LoginPage_003" name="test1" time="5.42"/>
  <testcase classname="com.qa.testcases.TC_LoginPage_003" name="test2" time="1.723"/>
  <testcase classname="com.qa.testcases.TC_LoginPage_003" name="checkUser" time="0.03"/>
  <testcase classname="com.qa.testcases.TC_HomePage_004" name="test1" time="22.85"/>
  <testcase classname="com.qa.testcases.TC_HomePage_004" name="checkAllLink" time="0.955"/>
  <testcase classname="com.qa.testcases.TC_HomePage_004" name="checkCategoriesLink" time="0.078"/>
  <testcase classname="com.qa.testcases.TC_HomePage_004" name="checkFeaturedProduct" time="10.599"/>
  <testcase classname="com.qa.testcases.TC_ProductDetailsPage_005" name="test1" time="5.753"/>
  <testcase classname="com.qa.testcases.TC_ProductDetailsPage_005" name="Quantity" time="15.365"/>
</testsuite> <!-- Test -->
